This is pdfTeX, Version 3.1415926-2.4-1.40.13 (MiKTeX 2.9 64-bit) (preloaded format=pdflatex 2014.6.1)  3 JAN 2017 00:39
entering extended mode
**stochastic_shortest_path.tex
(C:\Users\1\Desktop\stochastic_shortest_path.tex
LaTeX2e <2011/06/27>
Babel <v3.8m> and hyphenation patterns for english, afrikaans, ancientgreek, ar
abic, armenian, assamese, basque, bengali, bokmal, bulgarian, catalan, coptic, 
croatian, czech, danish, dutch, esperanto, estonian, farsi, finnish, french, ga
lician, german, german-x-2012-05-30, greek, gujarati, hindi, hungarian, iceland
ic, indonesian, interlingua, irish, italian, kannada, kurmanji, latin, latvian,
 lithuanian, malayalam, marathi, mongolian, mongolianlmc, monogreek, ngerman, n
german-x-2012-05-30, nynorsk, oriya, panjabi, pinyin, polish, portuguese, roman
ian, russian, sanskrit, serbian, slovak, slovenian, spanish, swedish, swissgerm
an, tamil, telugu, turkish, turkmen, ukenglish, ukrainian, uppersorbian, usengl
ishmax, welsh, loaded.
("X:\Program Files 2\MiKTeX\tex\latex\base\article.cls"
Document Class: article 2007/10/19 v1.4h Standard LaTeX document class
("X:\Program Files 2\MiKTeX\tex\latex\base\size10.clo"
File: size10.clo 2007/10/19 v1.4h Standard LaTeX file (size option)
)
\c@part=\count79
\c@section=\count80
\c@subsection=\count81
\c@subsubsection=\count82
\c@paragraph=\count83
\c@subparagraph=\count84
\c@figure=\count85
\c@table=\count86
\abovecaptionskip=\skip41
\belowcaptionskip=\skip42
\bibindent=\dimen102
)
("X:\Program Files 2\MiKTeX\tex\latex\geometry\geometry.sty"
Package: geometry 2010/09/12 v5.6 Page Geometry

("X:\Program Files 2\MiKTeX\tex\latex\graphics\keyval.sty"
Package: keyval 1999/03/16 v1.13 key=value parser (DPC)
\KV@toks@=\toks14
)
("X:\Program Files 2\MiKTeX\tex\generic\oberdiek\ifpdf.sty"
Package: ifpdf 2011/01/30 v2.3 Provides the ifpdf switch (HO)
Package ifpdf Info: pdfTeX in PDF mode is detected.
)
("X:\Program Files 2\MiKTeX\tex\generic\oberdiek\ifvtex.sty"
Package: ifvtex 2010/03/01 v1.5 Detect VTeX and its facilities (HO)
Package ifvtex Info: VTeX not detected.
)
("X:\Program Files 2\MiKTeX\tex\generic\ifxetex\ifxetex.sty"
Package: ifxetex 2010/09/12 v0.6 Provides ifxetex conditional
)
\Gm@cnth=\count87
\Gm@cntv=\count88
\c@Gm@tempcnt=\count89
\Gm@bindingoffset=\dimen103
\Gm@wd@mp=\dimen104
\Gm@odd@mp=\dimen105
\Gm@even@mp=\dimen106
\Gm@layoutwidth=\dimen107
\Gm@layoutheight=\dimen108
\Gm@layouthoffset=\dimen109
\Gm@layoutvoffset=\dimen110
\Gm@dimlist=\toks15

("X:\Program Files 2\MiKTeX\tex\latex\geometry\geometry.cfg"))
("X:\Program Files 2\MiKTeX\tex\latex\graphics\graphicx.sty"
Package: graphicx 1999/02/16 v1.0f Enhanced LaTeX Graphics (DPC,SPQR)

("X:\Program Files 2\MiKTeX\tex\latex\graphics\graphics.sty"
Package: graphics 2009/02/05 v1.0o Standard LaTeX Graphics (DPC,SPQR)

("X:\Program Files 2\MiKTeX\tex\latex\graphics\trig.sty"
Package: trig 1999/03/16 v1.09 sin cos tan (DPC)
)
("X:\Program Files 2\MiKTeX\tex\latex\00miktex\graphics.cfg"
File: graphics.cfg 2007/01/18 v1.5 graphics configuration of teTeX/TeXLive
)
Package graphics Info: Driver file: pdftex.def on input line 91.

("X:\Program Files 2\MiKTeX\tex\latex\pdftex-def\pdftex.def"
File: pdftex.def 2011/05/27 v0.06d Graphics/color for pdfTeX

("X:\Program Files 2\MiKTeX\tex\generic\oberdiek\infwarerr.sty"
Package: infwarerr 2010/04/08 v1.3 Providing info/warning/error messages (HO)
)
("X:\Program Files 2\MiKTeX\tex\generic\oberdiek\ltxcmds.sty"
Package: ltxcmds 2011/11/09 v1.22 LaTeX kernel commands for general use (HO)
)
\Gread@gobject=\count90
))
\Gin@req@height=\dimen111
\Gin@req@width=\dimen112
)
("X:\Program Files 2\MiKTeX\tex\latex\amsmath\amsmath.sty"
Package: amsmath 2013/01/14 v2.14 AMS math features
\@mathmargin=\skip43

For additional information on amsmath, use the `?' option.
("X:\Program Files 2\MiKTeX\tex\latex\amsmath\amstext.sty"
Package: amstext 2000/06/29 v2.01

("X:\Program Files 2\MiKTeX\tex\latex\amsmath\amsgen.sty"
File: amsgen.sty 1999/11/30 v2.0
\@emptytoks=\toks16
\ex@=\dimen113
))
("X:\Program Files 2\MiKTeX\tex\latex\amsmath\amsbsy.sty"
Package: amsbsy 1999/11/29 v1.2d
\pmbraise@=\dimen114
)
("X:\Program Files 2\MiKTeX\tex\latex\amsmath\amsopn.sty"
Package: amsopn 1999/12/14 v2.01 operator names
)
\inf@bad=\count91
LaTeX Info: Redefining \frac on input line 210.
\uproot@=\count92
\leftroot@=\count93
LaTeX Info: Redefining \overline on input line 306.
\classnum@=\count94
\DOTSCASE@=\count95
LaTeX Info: Redefining \ldots on input line 378.
LaTeX Info: Redefining \dots on input line 381.
LaTeX Info: Redefining \cdots on input line 466.
\Mathstrutbox@=\box26
\strutbox@=\box27
\big@size=\dimen115
LaTeX Font Info:    Redeclaring font encoding OML on input line 566.
LaTeX Font Info:    Redeclaring font encoding OMS on input line 567.
\macc@depth=\count96
\c@MaxMatrixCols=\count97
\dotsspace@=\muskip10
\c@parentequation=\count98
\dspbrk@lvl=\count99
\tag@help=\toks17
\row@=\count100
\column@=\count101
\maxfields@=\count102
\andhelp@=\toks18
\eqnshift@=\dimen116
\alignsep@=\dimen117
\tagshift@=\dimen118
\tagwidth@=\dimen119
\totwidth@=\dimen120
\lineht@=\dimen121
\@envbody=\toks19
\multlinegap=\skip44
\multlinetaggap=\skip45
\mathdisplay@stack=\toks20
LaTeX Info: Redefining \[ on input line 2665.
LaTeX Info: Redefining \] on input line 2666.
)
("X:\Program Files 2\MiKTeX\tex\latex\amsmath\amscd.sty"
Package: amscd 1999/11/29 v2.0
\athelp@=\toks21
\minaw@=\dimen122
\bigaw@=\dimen123
\minCDarrowwidth=\dimen124
)
("X:\Program Files 2\MiKTeX\tex\latex\amsfonts\amssymb.sty"
Package: amssymb 2013/01/14 v3.01 AMS font symbols

("X:\Program Files 2\MiKTeX\tex\latex\amsfonts\amsfonts.sty"
Package: amsfonts 2013/01/14 v3.01 Basic AMSFonts support
\symAMSa=\mathgroup4
\symAMSb=\mathgroup5
LaTeX Font Info:    Overwriting math alphabet `\mathfrak' in version `bold'
(Font)                  U/euf/m/n --> U/euf/b/n on input line 106.
))
("X:\Program Files 2\MiKTeX\tex\latex\caption\caption.sty"
Package: caption 2016/02/21 v3.3-144 Customizing captions (AR)

("X:\Program Files 2\MiKTeX\tex\latex\caption\caption3.sty"
Package: caption3 2016/02/04 v1.7-139 caption3 kernel (AR)
Package caption3 Info: TeX engine: e-TeX on input line 67.
\captionmargin=\dimen125
\captionmargin@=\dimen126
\captionwidth=\dimen127
\caption@tempdima=\dimen128
\caption@indent=\dimen129
\caption@parindent=\dimen130
\caption@hangindent=\dimen131
)
\c@ContinuedFloat=\count103
)
("X:\Program Files 2\MiKTeX\tex\latex\algorithm2e\algorithm2e.sty"
Package: algorithm2e 2013/01/06 v5.00 algorithms environments
\c@AlgoLine=\count104

("X:\Program Files 2\MiKTeX\tex\latex\base\ifthen.sty"
Package: ifthen 2001/05/26 v1.1c Standard LaTeX ifthen package (DPC)
)
\algocf@hangindent=\skip46

("X:\Program Files 2\MiKTeX\tex\latex\tools\xspace.sty"
Package: xspace 2009/10/20 v1.13 Space after command names (DPC,MH)
)
("X:\Program Files 2\MiKTeX\tex\latex\ltxmisc\relsize.sty"
Package: relsize 2003/07/04 ver 3.1
)
********************************************************
Package `algorithm2e' Release 5.1 -- october 19 2015 --
- algorithm2e-announce@lirmm.fr mailing list for announcement about releases
- algorithm2e-discussion@lirmm.fr mailing list for discussion about package
subscribe by emailing sympa@lirmm.fr with 'subscribe <list> <firstname name>'
- Author: Christophe Fiorio (christophe.fiorio@umontpellier.fr)
********************************************************
\skiptotal=\skip47
\skiplinenumber=\skip48
\skiprule=\skip49
\skiphlne=\skip50
\skiptext=\skip51
\skiplength=\skip52
\algomargin=\skip53
\skipalgocfslide=\skip54
\algowidth=\dimen132
\inoutsize=\dimen133
\inoutindent=\dimen134
\interspacetitleruled=\dimen135
\interspacealgoruled=\dimen136
\interspacetitleboxruled=\dimen137
\algocf@ruledwidth=\skip55
\algocf@inoutbox=\box28
\algocf@inputbox=\box29
\AlCapSkip=\skip56
\AlCapHSkip=\skip57
\algoskipindent=\skip58
\algocf@nlbox=\box30
\algocf@hangingbox=\box31
\algocf@untilbox=\box32
\algocf@skipuntil=\skip59
\algocf@capbox=\box33
\algoheightruledefault=\skip60
\algoheightrule=\skip61
\algotitleheightruledefault=\skip62
\algotitleheightrule=\skip63
\c@algocfline=\count105
\c@algocfproc=\count106
\c@algocf=\count107
\algocf@algoframe=\box34
\algocf@algobox=\box35
) (C:\Users\1\Desktop\stochastic_shortest_path.aux)
LaTeX Font Info:    Checking defaults for OML/cmm/m/it on input line 19.
LaTeX Font Info:    ... okay on input line 19.
LaTeX Font Info:    Checking defaults for T1/cmr/m/n on input line 19.
LaTeX Font Info:    ... okay on input line 19.
LaTeX Font Info:    Checking defaults for OT1/cmr/m/n on input line 19.
LaTeX Font Info:    ... okay on input line 19.
LaTeX Font Info:    Checking defaults for OMS/cmsy/m/n on input line 19.
LaTeX Font Info:    ... okay on input line 19.
LaTeX Font Info:    Checking defaults for OMX/cmex/m/n on input line 19.
LaTeX Font Info:    ... okay on input line 19.
LaTeX Font Info:    Checking defaults for U/cmr/m/n on input line 19.
LaTeX Font Info:    ... okay on input line 19.

*geometry* driver: auto-detecting
*geometry* detected driver: pdftex
*geometry* verbose mode - [ preamble ] result:
* driver: pdftex
* paper: <default>
* layout: <same size as paper>
* layoutoffset:(h,v)=(0.0pt,0.0pt)
* modes: 
* h-part:(L,W,R)=(56.9055pt, 506.17445pt, 51.21504pt)
* v-part:(T,H,B)=(71.13188pt, 652.70622pt, 71.13188pt)
* \paperwidth=614.295pt
* \paperheight=794.96999pt
* \textwidth=506.17445pt
* \textheight=652.70622pt
* \oddsidemargin=-15.36449pt
* \evensidemargin=-15.36449pt
* \topmargin=-38.1381pt
* \headheight=12.0pt
* \headsep=25.0pt
* \topskip=10.0pt
* \footskip=30.0pt
* \marginparwidth=4.0pt
* \marginparsep=10.0pt
* \columnsep=30.0pt
* \skip\footins=9.0pt plus 4.0pt minus 2.0pt
* \hoffset=0.0pt
* \voffset=0.0pt
* \mag=1000
* \@twocolumntrue
* \@twosidefalse
* \@mparswitchfalse
* \@reversemarginfalse
* (1in=72.27pt=25.4mm, 1cm=28.453pt)

("X:\Program Files 2\MiKTeX\tex\context\base\supp-pdf.mkii"
[Loading MPS to PDF converter (version 2006.09.02).]
\scratchcounter=\count108
\scratchdimen=\dimen138
\scratchbox=\box36
\nofMPsegments=\count109
\nofMParguments=\count110
\everyMPshowfont=\toks22
\MPscratchCnt=\count111
\MPscratchDim=\dimen139
\MPnumerator=\count112
\makeMPintoPDFobject=\count113
\everyMPtoPDFconversion=\toks23
)
Package caption Info: Begin \AtBeginDocument code.
Package caption Info: End \AtBeginDocument code.
LaTeX Font Info:    Try loading font information for U+msa on input line 30.
 ("X:\Program Files 2\MiKTeX\tex\latex\amsfonts\umsa.fd"
File: umsa.fd 2013/01/14 v3.01 AMS symbols A
)
LaTeX Font Info:    Try loading font information for U+msb on input line 30.

("X:\Program Files 2\MiKTeX\tex\latex\amsfonts\umsb.fd"
File: umsb.fd 2013/01/14 v3.01 AMS symbols B
)
Underfull \hbox (badness 1394) in paragraph at lines 37--38
\OT1/cmr/m/n/10 dif-fer-ent travel costs due to vary-ing taffic lev-els,
 []


Underfull \hbox (badness 10000) in paragraph at lines 37--38

 []


Underfull \hbox (badness 10000) in paragraph at lines 56--57

 []


Underfull \hbox (badness 10000) in paragraph at lines 65--66

 []

[1{C:/Users/1/AppData/Local/MiKTeX/2.9/pdftex/config/pdftex.map}


]
Underfull \hbox (badness 10000) in paragraph at lines 93--95

 []


Overfull \hbox (6.79999pt too wide) in paragraph at lines 102--103
[][] 
 []


Underfull \hbox (badness 10000) in paragraph at lines 124--126

 []


Underfull \hbox (badness 10000) in paragraph at lines 137--138

 []

[2]
Underfull \hbox (badness 10000) in paragraph at lines 164--166

 []


Underfull \hbox (badness 10000) in paragraph at lines 171--173

 []


Underfull \hbox (badness 10000) in paragraph at lines 186--187

 []


Underfull \hbox (badness 10000) in paragraph at lines 196--197

 []


Underfull \hbox (badness 10000) in paragraph at lines 203--204

 []

LaTeX Font Info:    Try loading font information for OMS+cmr on input line 226.

("X:\Program Files 2\MiKTeX\tex\latex\base\omscmr.fd"
File: omscmr.fd 1999/05/25 v2.5h Standard LaTeX font definitions
)
LaTeX Font Info:    Font shape `OMS/cmr/m/n' in size <10> not available
(Font)              Font shape `OMS/cmsy/m/n' tried instead on input line 226.
 [3]
Underfull \hbox (badness 10000) in paragraph at lines 238--239

 []


Underfull \hbox (badness 2547) in paragraph at lines 301--302
[]\OT1/cmr/m/n/10 Yen's al-go-rithm com-putes the $\OML/cmm/m/it/10 k$ \OT1/cmr
/m/n/10 short-est sim-ple
 []


Underfull \hbox (badness 10000) in paragraph at lines 301--302

 []


Underfull \hbox (badness 1253) in paragraph at lines 320--322
\OT1/cmr/m/n/10 depending on whether the weights must be non-
 []


Underfull \hbox (badness 10000) in paragraph at lines 320--322

 []

[4]
Underfull \hbox (badness 10000) in paragraph at lines 333--334

 []


Underfull \hbox (badness 4673) in paragraph at lines 335--336
[]\OT1/cmr/m/n/10 To eval-u-ate Asp's ac-cu-racy in the ab-sence of
 []


Underfull \hbox (badness 10000) in paragraph at lines 335--336

 []


Underfull \hbox (badness 10000) in paragraph at lines 337--338

 []

<simulation_convergence.pdf, id=33, 252.945pt x 155.58125pt>
File: simulation_convergence.pdf Graphic file (type pdf)

<use simulation_convergence.pdf>
Package pdftex.def Info: simulation_convergence.pdf used on input line 343.
(pdftex.def)             Requested size: 238.08722pt x 146.44579pt.

<simulation_times.pdf, id=34, 252.945pt x 155.58125pt>
File: simulation_times.pdf Graphic file (type pdf)

<use simulation_times.pdf>
Package pdftex.def Info: simulation_times.pdf used on input line 349.
(pdftex.def)             Requested size: 238.08722pt x 146.44579pt.

Underfull \hbox (badness 1460) in paragraph at lines 357--358
\OT1/cmr/m/n/10 Ex-per-i-men-tal re-sults could vary de-pend-ing on $\OML/cmm/m
/it/10 $\OT1/cmr/m/n/10 ,
 []

[5 <C:/Users/1/Desktop/simulation_convergence.pdf> <C:/Users/1/Desktop/simulati
on_times.pdf

pdfTeX warning: pdflatex.exe (file C:/Users/1/Desktop/simulation_times.pdf): PD
F inclusion: multiple pdfs with page group included in a single page
>]
Underfull \hbox (badness 10000) in paragraph at lines 360--361

 []


Underfull \hbox (badness 1057) in paragraph at lines 376--377
\OT1/cmr/m/n/10 com-pu-ta-tional meth-ods for the stochas-tic short-est
 []


Underfull \hbox (badness 10000) in paragraph at lines 376--377

 []


Underfull \hbox (badness 1895) in paragraph at lines 378--379
\OT1/cmr/m/n/10 be get-ting bet-ter as the it-er-a-tion runs in-crease,
 []


Underfull \hbox (badness 1668) in paragraph at lines 378--379
\OT1/cmr/m/n/10 the re-sults and one-off com-par-isons to nu-mer-i-cal
 []


Underfull \hbox (badness 2119) in paragraph at lines 378--379
\OT1/cmr/m/n/10 in-te-gra-tion es-ti-mates based on (9) also sup-ports
 []


Underfull \hbox (badness 1281) in paragraph at lines 378--379
\OT1/cmr/m/n/10 this con-clu-sion. Fur-ther, the com-pu-ta-tion times
 []


Underfull \hbox (badness 10000) in paragraph at lines 378--379

 []

(C:\Users\1\Desktop\stochastic_shortest_path.bbl
Missing character: There is no â in font cmr10!
Missing character: There is no € in font cmr10!
Missing character: There is no “ in font cmr10!

Underfull \hbox (badness 3525) in paragraph at lines 27--31
[]\OT1/cmr/m/n/10 M. Rajabi-Bahaabadi, A. Shariat-Mohaymany,
 []

Missing character: There is no â in font cmr10!
Missing character: There is no € in font cmr10!
Missing character: There is no “ in font cmr10!
[6]) [7

] (C:\Users\1\Desktop\stochastic_shortest_path.aux) )
(\end occurred inside a group at level 1)

### simple group (level 1) entered at line 1061 ({)
### bottom level 
Here is how much of TeX's memory you used:
 4639 strings out of 493921
 68035 string characters out of 3148097
 152831 words of memory out of 3000000
 7886 multiletter control sequences out of 15000+200000
 13089 words of font info for 50 fonts, out of 3000000 for 9000
 841 hyphenation exceptions out of 8191
 43i,26n,47p,878b,1955s stack positions out of 5000i,500n,10000p,200000b,50000s
<X:/Program Files 2/MiKTeX/fonts/type1/public/amsfonts/cm/cmbx1
0.pfb><X:/Program Files 2/MiKTeX/fonts/type1/public/amsfonts/cm/cmbx12.pfb><X:/
Program Files 2/MiKTeX/fonts/type1/public/amsfonts/cm/cmbx7.pfb><X:/Program Fil
es 2/MiKTeX/fonts/type1/public/amsfonts/cm/cmex10.pfb><X:/Program Files 2/MiKTe
X/fonts/type1/public/amsfonts/cmextra/cmex7.pfb><X:/Program Files 2/MiKTeX/font
s/type1/public/amsfonts/cm/cmmi10.pfb><X:/Program Files 2/MiKTeX/fonts/type1/pu
blic/amsfonts/cm/cmmi12.pfb><X:/Program Files 2/MiKTeX/fonts/type1/public/amsfo
nts/cm/cmmi5.pfb><X:/Program Files 2/MiKTeX/fonts/type1/public/amsfonts/cm/cmmi
7.pfb><X:/Program Files 2/MiKTeX/fonts/type1/public/amsfonts/cm/cmmi8.pfb><X:/P
rogram Files 2/MiKTeX/fonts/type1/public/amsfonts/cm/cmr10.pfb><X:/Program File
s 2/MiKTeX/fonts/type1/public/amsfonts/cm/cmr12.pfb><X:/Program Files 2/MiKTeX/
fonts/type1/public/amsfonts/cm/cmr17.pfb><X:/Program Files 2/MiKTeX/fonts/type1
/public/amsfonts/cm/cmr5.pfb><X:/Program Files 2/MiKTeX/fonts/type1/public/amsf
onts/cm/cmr7.pfb><X:/Program Files 2/MiKTeX/fonts/type1/public/amsfonts/cm/cmr8
.pfb><X:/Program Files 2/MiKTeX/fonts/type1/public/amsfonts/cm/cmsy10.pfb><X:/P
rogram Files 2/MiKTeX/fonts/type1/public/amsfonts/cm/cmsy5.pfb><X:/Program File
s 2/MiKTeX/fonts/type1/public/amsfonts/cm/cmsy7.pfb><X:/Program Files 2/MiKTeX/
fonts/type1/public/amsfonts/cm/cmsy8.pfb><X:/Program Files 2/MiKTeX/fonts/type1
/public/amsfonts/cm/cmti10.pfb><X:/Program Files 2/MiKTeX/fonts/type1/public/am
sfonts/symbols/msbm10.pfb><X:/Program Files 2/MiKTeX/fonts/type1/public/amsfont
s/symbols/msbm5.pfb><X:/Program Files 2/MiKTeX/fonts/type1/public/amsfonts/symb
ols/msbm7.pfb><X:/Program Files 2/MiKTeX/fonts/type1/urw/ncntrsbk/uncr8a.pfb>
Output written on stochastic_shortest_path.pdf (7 pages, 389767 bytes).
PDF statistics:
 143 PDF objects out of 1000 (max. 8388607)
 0 named destinations out of 1000 (max. 500000)
 11 words of extra memory for PDF output out of 10000 (max. 10000000)

